<?xml version="1.0" encoding="UTF-8"?>
<!-- Generated by org.testng.reporters.JUnitReportReporter -->
<testsuite skipped="0" hostname="INBADPBALARAJU" name="com.facebookpage.Tests.LoginFacebook" tests="1" failures="0" timestamp="14 Jan 2019 09:47:07 GMT" time="23.256" errors="0">
  <testcase name="Login" time="23.256" classname="com.facebookpage.Tests.LoginFacebook"/>
</testsuite> <!-- com.facebookpage.Tests.LoginFacebook -->
